
**** Build of configuration Debug for project Program_PushButton ****

"C:\\TI_CodeComposer\\ccsv6\\utils\\bin\\gmake" -k all 
'Building file: ../Tasks/Task_PushButton.c'
'Invoking: ARM Compiler'
"C:/TI_CodeComposer/ccsv6/tools/compiler/ti-cgt-arm_15.12.1.LTS/bin/armcl" -mv7M3 --code_state=16 -me --include_path="C:/TI_CodeComposer/ccsv6/tools/compiler/ti-cgt-arm_15.12.1.LTS/include" --include_path="C:/TI_CodeComposer/StellarisWare-LM3S1968" --include_path="H:/EECS_388/TI_ARM_Projects/Program_PushButton" -g --gcc --define="ccs" --define=PART_LM3S1968 --diag_wrap=off --diag_warning=225 --display_error_number --abi=eabi --printf_support=nofloat -k --asm_listing --preproc_with_compile --preproc_dependency="Tasks/Task_PushButton.d" --obj_directory="Tasks"  "../Tasks/Task_PushButton.c"

>> Compilation failure
Tasks/subdir_rules.mk:14: recipe for target 'Tasks/Task_PushButton.obj' failed
At end of source: error #68: expected a "}"
1 error detected in the compilation of "../Tasks/Task_PushButton.c".
gmake: *** [Tasks/Task_PushButton.obj] Error 1
gmake: Target 'all' not remade because of errors.

**** Build Finished ****

**** Build of configuration Debug for project Program_PushButton ****

"C:\\TI_CodeComposer\\ccsv6\\utils\\bin\\gmake" -k all 
'Building file: ../Tasks/Task_PushButton.c'
'Invoking: ARM Compiler'
"C:/TI_CodeComposer/ccsv6/tools/compiler/ti-cgt-arm_15.12.1.LTS/bin/armcl" -mv7M3 --code_state=16 -me --include_path="C:/TI_CodeComposer/ccsv6/tools/compiler/ti-cgt-arm_15.12.1.LTS/include" --include_path="C:/TI_CodeComposer/StellarisWare-LM3S1968" --include_path="H:/EECS_388/TI_ARM_Projects/Program_PushButton" -g --gcc --define="ccs" --define=PART_LM3S1968 --diag_wrap=off --diag_warning=225 --display_error_number --abi=eabi --printf_support=nofloat -k --asm_listing --preproc_with_compile --preproc_dependency="Tasks/Task_PushButton.d" --obj_directory="Tasks"  "../Tasks/Task_PushButton.c"

>> Compilation failure
Tasks/subdir_rules.mk:14: recipe for target 'Tasks/Task_PushButton.obj' failed
"../Tasks/Task_PushButton.c", line 163: error #20: identifier "PressEndNoise" is undefined
"../Tasks/Task_PushButton.c", line 163: error #20: identifier "StartSound2" is undefined
"../Tasks/Task_PushButton.c", line 169: error #20: identifier "EndNoise" is undefined
"../Tasks/Task_PushButton.c", line 169: error #20: identifier "StartSound" is undefined
At end of source: error #68: expected a "}"
5 errors detected in the compilation of "../Tasks/Task_PushButton.c".
gmake: *** [Tasks/Task_PushButton.obj] Error 1
gmake: Target 'all' not remade because of errors.

**** Build Finished ****
